mode: atomic
_/home/cs8425/code/revese-mux/lib/smux/session.go:74.80,94.12 16 2
_/home/cs8425/code/revese-mux/lib/smux/session.go:99.2,102.10 4 2
_/home/cs8425/code/revese-mux/lib/smux/session.go:94.12,96.3 1 1
_/home/cs8425/code/revese-mux/lib/smux/session.go:96.3,98.3 1 1
_/home/cs8425/code/revese-mux/lib/smux/session.go:106.49,107.18 1 10
_/home/cs8425/code/revese-mux/lib/smux/session.go:112.2,113.18 2 10
_/home/cs8425/code/revese-mux/lib/smux/session.go:118.2,120.18 3 10
_/home/cs8425/code/revese-mux/lib/smux/session.go:125.2,129.63 3 10
_/home/cs8425/code/revese-mux/lib/smux/session.go:133.2,136.20 4 10
_/home/cs8425/code/revese-mux/lib/smux/session.go:107.18,109.3 1 0
_/home/cs8425/code/revese-mux/lib/smux/session.go:113.18,116.3 2 0
_/home/cs8425/code/revese-mux/lib/smux/session.go:120.18,124.3 3 0
_/home/cs8425/code/revese-mux/lib/smux/session.go:129.63,131.3 1 0
_/home/cs8425/code/revese-mux/lib/smux/session.go:141.51,143.63 2 11
_/home/cs8425/code/revese-mux/lib/smux/session.go:148.2,148.9 1 11
_/home/cs8425/code/revese-mux/lib/smux/session.go:143.63,147.3 3 0
_/home/cs8425/code/revese-mux/lib/smux/session.go:149.31,150.21 1 10
_/home/cs8425/code/revese-mux/lib/smux/session.go:151.18,152.25 1 0
_/home/cs8425/code/revese-mux/lib/smux/session.go:153.15,154.40 1 0
_/home/cs8425/code/revese-mux/lib/smux/session.go:159.39,162.9 2 1
_/home/cs8425/code/revese-mux/lib/smux/session.go:163.15,165.35 2 0
_/home/cs8425/code/revese-mux/lib/smux/session.go:166.10,170.28 4 1
_/home/cs8425/code/revese-mux/lib/smux/session.go:173.3,175.24 3 1
_/home/cs8425/code/revese-mux/lib/smux/session.go:170.28,172.4 1 0
_/home/cs8425/code/revese-mux/lib/smux/session.go:180.34,181.9 1 259
_/home/cs8425/code/revese-mux/lib/smux/session.go:182.36,182.36 0 2
_/home/cs8425/code/revese-mux/lib/smux/session.go:183.10,183.10 0 257
_/home/cs8425/code/revese-mux/lib/smux/session.go:188.35,189.9 1 10
_/home/cs8425/code/revese-mux/lib/smux/session.go:190.15,191.14 1 0
_/home/cs8425/code/revese-mux/lib/smux/session.go:192.10,193.15 1 10
_/home/cs8425/code/revese-mux/lib/smux/session.go:198.36,199.18 1 0
_/home/cs8425/code/revese-mux/lib/smux/session.go:202.2,204.23 3 0
_/home/cs8425/code/revese-mux/lib/smux/session.go:199.18,201.3 1 0
_/home/cs8425/code/revese-mux/lib/smux/session.go:209.50,212.2 2 0
_/home/cs8425/code/revese-mux/lib/smux/session.go:215.44,217.48 2 20
_/home/cs8425/code/revese-mux/lib/smux/session.go:222.2,223.23 2 20
_/home/cs8425/code/revese-mux/lib/smux/session.go:217.48,218.47 1 0
_/home/cs8425/code/revese-mux/lib/smux/session.go:218.47,220.4 1 0
_/home/cs8425/code/revese-mux/lib/smux/session.go:227.39,228.46 1 236
_/home/cs8425/code/revese-mux/lib/smux/session.go:228.46,230.3 1 236
_/home/cs8425/code/revese-mux/lib/smux/session.go:235.65,236.68 1 292
_/home/cs8425/code/revese-mux/lib/smux/session.go:240.2,241.30 2 290
_/home/cs8425/code/revese-mux/lib/smux/session.go:245.2,248.40 4 290
_/home/cs8425/code/revese-mux/lib/smux/session.go:254.2,254.15 1 290
_/home/cs8425/code/revese-mux/lib/smux/session.go:236.68,238.3 1 0
_/home/cs8425/code/revese-mux/lib/smux/session.go:241.30,243.3 1 0
_/home/cs8425/code/revese-mux/lib/smux/session.go:248.40,249.86 1 236
_/home/cs8425/code/revese-mux/lib/smux/session.go:252.3,252.50 1 236
_/home/cs8425/code/revese-mux/lib/smux/session.go:249.86,251.4 1 0
_/home/cs8425/code/revese-mux/lib/smux/session.go:258.30,260.6 2 2
_/home/cs8425/code/revese-mux/lib/smux/session.go:260.6,261.57 1 292
_/home/cs8425/code/revese-mux/lib/smux/session.go:265.3,265.48 1 292
_/home/cs8425/code/revese-mux/lib/smux/session.go:261.57,263.4 1 0
_/home/cs8425/code/revese-mux/lib/smux/session.go:265.48,268.17 2 290
_/home/cs8425/code/revese-mux/lib/smux/session.go:269.16,270.29 1 24
_/home/cs8425/code/revese-mux/lib/smux/session.go:273.16,275.39 2 10
_/home/cs8425/code/revese-mux/lib/smux/session.go:283.5,283.26 1 10
_/home/cs8425/code/revese-mux/lib/smux/session.go:284.16,286.43 2 20
_/home/cs8425/code/revese-mux/lib/smux/session.go:290.5,290.26 1 20
_/home/cs8425/code/revese-mux/lib/smux/session.go:291.16,293.43 2 236
_/home/cs8425/code/revese-mux/lib/smux/session.go:298.5,298.26 1 236
_/home/cs8425/code/revese-mux/lib/smux/session.go:299.16,301.43 2 0
_/home/cs8425/code/revese-mux/lib/smux/session.go:304.5,304.26 1 0
_/home/cs8425/code/revese-mux/lib/smux/session.go:305.16,307.43 2 0
_/home/cs8425/code/revese-mux/lib/smux/session.go:311.5,311.26 1 0
_/home/cs8425/code/revese-mux/lib/smux/session.go:312.16,313.45 1 0
_/home/cs8425/code/revese-mux/lib/smux/session.go:316.12,318.11 2 0
_/home/cs8425/code/revese-mux/lib/smux/session.go:270.29,272.6 1 0
_/home/cs8425/code/revese-mux/lib/smux/session.go:275.39,278.13 3 10
_/home/cs8425/code/revese-mux/lib/smux/session.go:279.33,279.33 0 10
_/home/cs8425/code/revese-mux/lib/smux/session.go:280.19,280.19 0 0
_/home/cs8425/code/revese-mux/lib/smux/session.go:286.43,289.6 2 10
_/home/cs8425/code/revese-mux/lib/smux/session.go:293.43,297.6 3 236
_/home/cs8425/code/revese-mux/lib/smux/session.go:301.43,303.6 1 0
_/home/cs8425/code/revese-mux/lib/smux/session.go:307.43,310.6 2 0
_/home/cs8425/code/revese-mux/lib/smux/session.go:313.45,315.6 1 0
_/home/cs8425/code/revese-mux/lib/smux/session.go:320.4,323.4 2 0
_/home/cs8425/code/revese-mux/lib/smux/session.go:327.31,336.6 7 2
_/home/cs8425/code/revese-mux/lib/smux/session.go:336.6,337.10 1 24
_/home/cs8425/code/revese-mux/lib/smux/session.go:338.23,341.20 3 22
_/home/cs8425/code/revese-mux/lib/smux/session.go:342.26,343.55 1 0
_/home/cs8425/code/revese-mux/lib/smux/session.go:347.16,348.10 1 0
_/home/cs8425/code/revese-mux/lib/smux/session.go:343.55,346.5 2 0
_/home/cs8425/code/revese-mux/lib/smux/session.go:353.30,362.12 8 2
_/home/cs8425/code/revese-mux/lib/smux/session.go:438.2,438.6 1 2
_/home/cs8425/code/revese-mux/lib/smux/session.go:362.12,363.12 1 0
_/home/cs8425/code/revese-mux/lib/smux/session.go:396.2,396.12 1 0
_/home/cs8425/code/revese-mux/lib/smux/session.go:363.12,364.7 1 0
_/home/cs8425/code/revese-mux/lib/smux/session.go:364.7,365.11 1 0
_/home/cs8425/code/revese-mux/lib/smux/session.go:366.17,367.11 1 0
_/home/cs8425/code/revese-mux/lib/smux/session.go:368.33,369.12 1 0
_/home/cs8425/code/revese-mux/lib/smux/session.go:373.5,381.14 8 0
_/home/cs8425/code/revese-mux/lib/smux/session.go:385.5,391.26 3 0
_/home/cs8425/code/revese-mux/lib/smux/session.go:369.12,370.14 1 0
_/home/cs8425/code/revese-mux/lib/smux/session.go:381.14,383.6 1 0
_/home/cs8425/code/revese-mux/lib/smux/session.go:396.12,397.7 1 0
_/home/cs8425/code/revese-mux/lib/smux/session.go:397.7,398.11 1 0
_/home/cs8425/code/revese-mux/lib/smux/session.go:399.17,400.11 1 0
_/home/cs8425/code/revese-mux/lib/smux/session.go:401.23,402.41 1 0
_/home/cs8425/code/revese-mux/lib/smux/session.go:402.41,405.39 3 0
_/home/cs8425/code/revese-mux/lib/smux/session.go:408.6,410.43 2 0
_/home/cs8425/code/revese-mux/lib/smux/session.go:412.6,412.31 1 0
_/home/cs8425/code/revese-mux/lib/smux/session.go:405.39,407.7 1 0
_/home/cs8425/code/revese-mux/lib/smux/session.go:410.43,410.71 1 0
_/home/cs8425/code/revese-mux/lib/smux/session.go:412.31,414.45 2 0
_/home/cs8425/code/revese-mux/lib/smux/session.go:414.45,417.15 2 0
_/home/cs8425/code/revese-mux/lib/smux/session.go:418.32,419.40 1 0
_/home/cs8425/code/revese-mux/lib/smux/session.go:424.9,425.39 2 0
_/home/cs8425/code/revese-mux/lib/smux/session.go:426.16,426.16 0 0
_/home/cs8425/code/revese-mux/lib/smux/session.go:419.40,423.10 3 0
_/home/cs8425/code/revese-mux/lib/smux/session.go:428.8,430.8 1 0
_/home/cs8425/code/revese-mux/lib/smux/session.go:438.6,441.10 3 291
_/home/cs8425/code/revese-mux/lib/smux/session.go:442.16,443.10 1 0
_/home/cs8425/code/revese-mux/lib/smux/session.go:444.33,445.11 1 290
_/home/cs8425/code/revese-mux/lib/smux/session.go:448.4,448.14 1 290
_/home/cs8425/code/revese-mux/lib/smux/session.go:471.4,472.17 2 0
_/home/cs8425/code/revese-mux/lib/smux/session.go:528.4,528.11 1 0
_/home/cs8425/code/revese-mux/lib/smux/session.go:445.11,446.13 1 0
_/home/cs8425/code/revese-mux/lib/smux/session.go:448.14,457.14 8 290
_/home/cs8425/code/revese-mux/lib/smux/session.go:461.5,468.13 4 289
_/home/cs8425/code/revese-mux/lib/smux/session.go:457.14,459.6 1 0
_/home/cs8425/code/revese-mux/lib/smux/session.go:473.16,476.12 3 0
_/home/cs8425/code/revese-mux/lib/smux/session.go:480.5,483.34 3 0
_/home/cs8425/code/revese-mux/lib/smux/session.go:485.16,487.45 2 0
_/home/cs8425/code/revese-mux/lib/smux/session.go:504.16,507.12 3 0
_/home/cs8425/code/revese-mux/lib/smux/session.go:511.5,513.12 2 0
_/home/cs8425/code/revese-mux/lib/smux/session.go:523.12,525.13 2 0
_/home/cs8425/code/revese-mux/lib/smux/session.go:476.12,479.6 2 0
_/home/cs8425/code/revese-mux/lib/smux/session.go:487.45,490.13 2 0
_/home/cs8425/code/revese-mux/lib/smux/session.go:491.28,492.36 1 0
_/home/cs8425/code/revese-mux/lib/smux/session.go:493.14,497.25 3 0
_/home/cs8425/code/revese-mux/lib/smux/session.go:499.6,502.6 2 0
_/home/cs8425/code/revese-mux/lib/smux/session.go:507.12,510.6 2 0
_/home/cs8425/code/revese-mux/lib/smux/session.go:514.27,515.35 1 0
_/home/cs8425/code/revese-mux/lib/smux/session.go:516.13,520.24 3 0
_/home/cs8425/code/revese-mux/lib/smux/session.go:529.35,529.35 0 0
_/home/cs8425/code/revese-mux/lib/smux/session.go:530.12,530.12 0 0
_/home/cs8425/code/revese-mux/lib/smux/session.go:540.58,545.9 2 54
_/home/cs8425/code/revese-mux/lib/smux/session.go:551.2,552.29 2 54
_/home/cs8425/code/revese-mux/lib/smux/session.go:546.15,547.38 1 0
_/home/cs8425/code/revese-mux/lib/smux/session.go:548.23,548.23 0 54
_/home/cs8425/code/revese-mux/lib/smux/session.go:555.75,556.18 1 0
_/home/cs8425/code/revese-mux/lib/smux/session.go:559.2,562.24 3 0
_/home/cs8425/code/revese-mux/lib/smux/session.go:556.18,558.3 1 0
_/home/cs8425/code/revese-mux/lib/smux/stream.go:42.65,58.2 14 20
_/home/cs8425/code/revese-mux/lib/smux/stream.go:61.30,63.2 1 0
_/home/cs8425/code/revese-mux/lib/smux/stream.go:66.52,68.67 2 246
_/home/cs8425/code/revese-mux/lib/smux/stream.go:75.2,80.11 5 492
_/home/cs8425/code/revese-mux/lib/smux/stream.go:91.2,91.9 1 246
_/home/cs8425/code/revese-mux/lib/smux/stream.go:68.67,72.3 3 0
_/home/cs8425/code/revese-mux/lib/smux/stream.go:80.11,84.3 3 236
_/home/cs8425/code/revese-mux/lib/smux/stream.go:84.3,84.20 1 256
_/home/cs8425/code/revese-mux/lib/smux/stream.go:84.20,86.3 1 0
_/home/cs8425/code/revese-mux/lib/smux/stream.go:86.3,86.46 1 256
_/home/cs8425/code/revese-mux/lib/smux/stream.go:86.46,89.3 2 10
_/home/cs8425/code/revese-mux/lib/smux/stream.go:92.23,93.12 1 246
_/home/cs8425/code/revese-mux/lib/smux/stream.go:94.18,95.23 1 0
_/home/cs8425/code/revese-mux/lib/smux/stream.go:96.15,97.38 1 0
_/home/cs8425/code/revese-mux/lib/smux/stream.go:102.53,104.68 2 10
_/home/cs8425/code/revese-mux/lib/smux/stream.go:110.2,110.9 1 10
_/home/cs8425/code/revese-mux/lib/smux/stream.go:116.2,116.39 1 10
_/home/cs8425/code/revese-mux/lib/smux/stream.go:126.2,128.24 3 10
_/home/cs8425/code/revese-mux/lib/smux/stream.go:155.2,155.18 1 10
_/home/cs8425/code/revese-mux/lib/smux/stream.go:104.68,108.3 3 0
_/home/cs8425/code/revese-mux/lib/smux/stream.go:111.15,112.38 1 0
_/home/cs8425/code/revese-mux/lib/smux/stream.go:113.10,113.10 0 10
_/home/cs8425/code/revese-mux/lib/smux/stream.go:116.39,117.10 1 0
_/home/cs8425/code/revese-mux/lib/smux/stream.go:118.25,118.25 0 0
_/home/cs8425/code/revese-mux/lib/smux/stream.go:119.16,120.39 1 0
_/home/cs8425/code/revese-mux/lib/smux/stream.go:121.19,122.24 1 0
_/home/cs8425/code/revese-mux/lib/smux/stream.go:128.24,134.10 2 236
_/home/cs8425/code/revese-mux/lib/smux/stream.go:142.3,142.10 1 236
_/home/cs8425/code/revese-mux/lib/smux/stream.go:135.29,135.29 0 236
_/home/cs8425/code/revese-mux/lib/smux/stream.go:136.16,137.42 1 0
_/home/cs8425/code/revese-mux/lib/smux/stream.go:138.19,139.27 1 0
_/home/cs8425/code/revese-mux/lib/smux/stream.go:143.31,145.25 2 236
_/home/cs8425/code/revese-mux/lib/smux/stream.go:148.16,149.42 1 0
_/home/cs8425/code/revese-mux/lib/smux/stream.go:150.19,151.27 1 0
_/home/cs8425/code/revese-mux/lib/smux/stream.go:145.25,147.5 1 0
_/home/cs8425/code/revese-mux/lib/smux/stream.go:159.32,162.9 2 30
_/home/cs8425/code/revese-mux/lib/smux/stream.go:163.15,165.40 2 10
_/home/cs8425/code/revese-mux/lib/smux/stream.go:168.3,168.35 1 0
_/home/cs8425/code/revese-mux/lib/smux/stream.go:169.10,174.13 5 20
_/home/cs8425/code/revese-mux/lib/smux/stream.go:165.40,167.4 1 10
_/home/cs8425/code/revese-mux/lib/smux/stream.go:181.53,184.2 2 0
_/home/cs8425/code/revese-mux/lib/smux/stream.go:189.54,192.2 2 0
_/home/cs8425/code/revese-mux/lib/smux/stream.go:197.49,198.45 1 0
_/home/cs8425/code/revese-mux/lib/smux/stream.go:201.2,201.46 1 0
_/home/cs8425/code/revese-mux/lib/smux/stream.go:204.2,204.12 1 0
_/home/cs8425/code/revese-mux/lib/smux/stream.go:198.45,200.3 1 0
_/home/cs8425/code/revese-mux/lib/smux/stream.go:201.46,203.3 1 0
_/home/cs8425/code/revese-mux/lib/smux/stream.go:208.33,212.9 3 0
_/home/cs8425/code/revese-mux/lib/smux/stream.go:213.15,213.15 0 0
_/home/cs8425/code/revese-mux/lib/smux/stream.go:214.10,215.15 1 0
_/home/cs8425/code/revese-mux/lib/smux/stream.go:220.39,223.9 1 0
_/home/cs8425/code/revese-mux/lib/smux/stream.go:226.2,226.12 1 0
_/home/cs8425/code/revese-mux/lib/smux/stream.go:223.9,225.3 1 0
_/home/cs8425/code/revese-mux/lib/smux/stream.go:230.40,233.9 1 0
_/home/cs8425/code/revese-mux/lib/smux/stream.go:236.2,236.12 1 0
_/home/cs8425/code/revese-mux/lib/smux/stream.go:233.9,235.3 1 0
_/home/cs8425/code/revese-mux/lib/smux/stream.go:240.38,245.32 4 236
_/home/cs8425/code/revese-mux/lib/smux/stream.go:249.2,254.42 4 0
_/home/cs8425/code/revese-mux/lib/smux/stream.go:259.2,259.22 1 0
_/home/cs8425/code/revese-mux/lib/smux/stream.go:265.2,265.27 1 0
_/home/cs8425/code/revese-mux/lib/smux/stream.go:270.2,270.38 1 0
_/home/cs8425/code/revese-mux/lib/smux/stream.go:245.32,247.3 1 236
_/home/cs8425/code/revese-mux/lib/smux/stream.go:254.42,257.3 2 0
_/home/cs8425/code/revese-mux/lib/smux/stream.go:259.22,263.3 3 0
_/home/cs8425/code/revese-mux/lib/smux/stream.go:265.27,268.3 2 0
_/home/cs8425/code/revese-mux/lib/smux/stream.go:270.38,272.3 1 0
_/home/cs8425/code/revese-mux/lib/smux/stream.go:276.42,282.2 5 20
_/home/cs8425/code/revese-mux/lib/smux/stream.go:285.66,287.29 2 10
_/home/cs8425/code/revese-mux/lib/smux/stream.go:293.2,293.18 1 10
_/home/cs8425/code/revese-mux/lib/smux/stream.go:298.2,298.15 1 10
_/home/cs8425/code/revese-mux/lib/smux/stream.go:287.29,292.3 4 226
_/home/cs8425/code/revese-mux/lib/smux/stream.go:293.18,297.3 3 10
_/home/cs8425/code/revese-mux/lib/smux/stream.go:302.36,303.9 1 246
_/home/cs8425/code/revese-mux/lib/smux/stream.go:304.35,304.35 0 246
_/home/cs8425/code/revese-mux/lib/smux/stream.go:305.10,305.10 0 0
_/home/cs8425/code/revese-mux/lib/smux/stream.go:310.28,312.2 1 10
_/home/cs8425/code/revese-mux/lib/smux/stream.go:315.31,317.2 1 0
_/home/cs8425/code/revese-mux/lib/smux/stream.go:320.32,321.39 1 0
_/home/cs8425/code/revese-mux/lib/smux/stream.go:327.2,327.34 1 0
_/home/cs8425/code/revese-mux/lib/smux/stream.go:321.39,322.10 1 0
_/home/cs8425/code/revese-mux/lib/smux/stream.go:323.37,323.37 0 0
_/home/cs8425/code/revese-mux/lib/smux/stream.go:324.11,324.11 0 0
_/home/cs8425/code/revese-mux/lib/smux/stream.go:331.38,332.32 1 236
_/home/cs8425/code/revese-mux/lib/smux/stream.go:336.2,342.49 7 0
_/home/cs8425/code/revese-mux/lib/smux/stream.go:332.32,334.3 1 236
_/home/cs8425/code/revese-mux/lib/smux/stream.go:342.49,344.3 1 0
_/home/cs8425/code/revese-mux/lib/smux/stream.go:348.30,350.20 2 0
_/home/cs8425/code/revese-mux/lib/smux/stream.go:356.2,356.24 1 0
_/home/cs8425/code/revese-mux/lib/smux/stream.go:350.20,355.3 4 0
_/home/cs8425/code/revese-mux/lib/smux/stream.go:360.31,362.20 2 0
_/home/cs8425/code/revese-mux/lib/smux/stream.go:368.2,368.24 1 0
_/home/cs8425/code/revese-mux/lib/smux/stream.go:362.20,367.3 4 0
_/home/cs8425/code/revese-mux/lib/smux/stream.go:375.41,375.65 1 0
_/home/cs8425/code/revese-mux/lib/smux/stream.go:376.41,376.56 1 0
_/home/cs8425/code/revese-mux/lib/smux/stream.go:377.41,377.56 1 0
_/home/cs8425/code/revese-mux/lib/smux/frame.go:38.43,40.2 1 290
_/home/cs8425/code/revese-mux/lib/smux/frame.go:44.35,46.2 1 580
_/home/cs8425/code/revese-mux/lib/smux/frame.go:48.31,50.2 1 290
_/home/cs8425/code/revese-mux/lib/smux/frame.go:52.36,54.2 1 290
_/home/cs8425/code/revese-mux/lib/smux/frame.go:56.38,58.2 1 290
_/home/cs8425/code/revese-mux/lib/smux/frame.go:60.36,63.2 1 0
_/home/cs8425/code/revese-mux/lib/smux/mux.go:42.30,54.2 1 0
_/home/cs8425/code/revese-mux/lib/smux/mux.go:57.41,58.35 1 2
_/home/cs8425/code/revese-mux/lib/smux/mux.go:61.2,61.56 1 2
_/home/cs8425/code/revese-mux/lib/smux/mux.go:64.2,64.30 1 2
_/home/cs8425/code/revese-mux/lib/smux/mux.go:67.2,67.33 1 2
_/home/cs8425/code/revese-mux/lib/smux/mux.go:70.2,70.34 1 2
_/home/cs8425/code/revese-mux/lib/smux/mux.go:73.2,73.33 1 2
_/home/cs8425/code/revese-mux/lib/smux/mux.go:76.2,76.39 1 2
_/home/cs8425/code/revese-mux/lib/smux/mux.go:79.2,79.12 1 2
_/home/cs8425/code/revese-mux/lib/smux/mux.go:58.35,60.3 1 0
_/home/cs8425/code/revese-mux/lib/smux/mux.go:61.56,63.3 1 0
_/home/cs8425/code/revese-mux/lib/smux/mux.go:64.30,66.3 1 0
_/home/cs8425/code/revese-mux/lib/smux/mux.go:67.33,69.3 1 0
_/home/cs8425/code/revese-mux/lib/smux/mux.go:70.34,72.3 1 0
_/home/cs8425/code/revese-mux/lib/smux/mux.go:73.33,75.3 1 0
_/home/cs8425/code/revese-mux/lib/smux/mux.go:76.39,78.3 1 0
_/home/cs8425/code/revese-mux/lib/smux/mux.go:83.72,84.19 1 1
_/home/cs8425/code/revese-mux/lib/smux/mux.go:87.2,87.45 1 1
_/home/cs8425/code/revese-mux/lib/smux/mux.go:90.2,90.45 1 1
_/home/cs8425/code/revese-mux/lib/smux/mux.go:84.19,86.3 1 0
_/home/cs8425/code/revese-mux/lib/smux/mux.go:87.45,89.3 1 0
_/home/cs8425/code/revese-mux/lib/smux/mux.go:94.72,95.19 1 1
_/home/cs8425/code/revese-mux/lib/smux/mux.go:99.2,99.45 1 1
_/home/cs8425/code/revese-mux/lib/smux/mux.go:102.2,102.44 1 1
_/home/cs8425/code/revese-mux/lib/smux/mux.go:95.19,97.3 1 0
_/home/cs8425/code/revese-mux/lib/smux/mux.go:99.45,101.3 1 0
